<?xml version="1.0" encoding="UTF-8"?>
<TestRun id="bcb63967-c674-4b6f-a9d2-2ea9a78830ac" name="Administrator@DU6MRL69WMMNV6I 2015-10-21 20:57:39" runUser="DU6MRL69WMMNV6I\Administrator" xmlns="http://microsoft.com/schemas/VisualStudio/TeamTest/2006">
  <TestRunConfiguration name="本地测试运行" id="4076fb99-a92d-4432-9d96-4d02bf257bdd">
    <Description>这是本地测试运行的默认测试运行配置。</Description>
    <Deployment runDeploymentRoot="E:\大三上学期\软件工程\软件工程实验3\ml\DemoUser\TestResults\Administrator_DU6MRL69WMMNV6I 2015-10-21 20_57_39">
      <DeploymentItem filename="E:\大三上学期\软件工程\软件工程实验3\ml\DemoUser\DemoUser\bin\Debug\DemoUser.exe" />
    </Deployment>
    <CodeCoverage>
      <Regular>
        <CodeCoverageItem binaryFile="DemoUser\bin\Debug\DemoUser.exe" pdbFile="DemoUser\bin\Debug\DemoUser.pdb" instrumentInPlace="true" />
        <CodeCoverageItem binaryFile="TestProject1\bin\Debug\TestProject1.dll" pdbFile="TestProject1\bin\Debug\TestProject1.pdb" instrumentInPlace="true" />
      </Regular>
    </CodeCoverage>
    <TestTypeSpecific>
      <WebTestRunConfiguration testTypeId="4e7599fa-5ecb-43e9-a887-cd63cf72d207">
        <Browser name="Internet Explorer 7.0">
          <Headers>
            <Header name="User-Agent" value="Mozilla/4.0 (compatible; MSIE 7.0; Windows NT 5.1)" />
            <Header name="Accept" value="*/*" />
            <Header name="Accept-Language" value="{{$IEAcceptLanguage}}" />
            <Header name="Accept-Encoding" value="GZIP" />
          </Headers>
        </Browser>
        <Network Name="LAN" BandwidthInKbps="0" />
      </WebTestRunConfiguration>
    </TestTypeSpecific>
  </TestRunConfiguration>
  <ResultSummary outcome="Failed">
    <Counters total="7" executed="7" passed="2" error="0" failed="3" timeout="0" aborted="0" inconclusive="2" passedButRunAborted="0" notRunnable="0" notExecuted="0" disconnected="0" warning="0" completed="0" inProgress="0" pending="0" />
  </ResultSummary>
  <Times creation="2015-10-21T20:57:39.8214904+08:00" queuing="2015-10-21T20:57:41.8514932+08:00" start="2015-10-21T20:57:42.3814939+08:00" finish="2015-10-21T20:57:43.1914951+08:00" />
  <TestDefinitions>
    <UnitTest name="InterfaceTest" storage="e:\大三上学期\软件工程\软件工程实验3\ml\demouser\testproject1\bin\debug\testproject1.dll" id="1180a974-3385-e89f-5fe7-fd3c01e6b092">
      <Css projectStructure="" iteration="" />
      <Owners>
        <Owner name="" />
      </Owners>
      <Execution id="70f1f1a2-56ed-4fcb-83f9-bc8340d971c2" />
      <TestMethod codeBase="E:\大三上学期\软件工程\软件工程实验3\ml\DemoUser\TestProject1\bin\Debug\TestProject1.dll" adapterTypeName="Microsoft.VisualStudio.TestTools.TestTypes.Unit.UnitTestAdapter, Microsoft.VisualStudio.QualityTools.Tips.UnitTest.Adapter, Version=9.0.0.0, Culture=neutral, PublicKeyToken=b03f5f7f11d50a3a" className="TestProject1.UserTest, TestProject1" name="InterfaceTest" />
    </UnitTest>
    <UnitTest name="UserConstructorEmptyTest" storage="e:\大三上学期\软件工程\软件工程实验3\ml\demouser\testproject1\bin\debug\testproject1.dll" id="3393840d-e9a6-a6a7-c521-cccd30a65ca7">
      <Css projectStructure="" iteration="" />
      <Owners>
        <Owner name="" />
      </Owners>
      <Execution id="57270be8-1ff3-432b-8b2d-ab42ce88c9e7" />
      <TestMethod codeBase="E:\大三上学期\软件工程\软件工程实验3\ml\DemoUser\TestProject1\bin\Debug\TestProject1.dll" adapterTypeName="Microsoft.VisualStudio.TestTools.TestTypes.Unit.UnitTestAdapter, Microsoft.VisualStudio.QualityTools.Tips.UnitTest.Adapter, Version=9.0.0.0, Culture=neutral, PublicKeyToken=b03f5f7f11d50a3a" className="TestProject1.UserTest, TestProject1" name="UserConstructorEmptyTest" />
    </UnitTest>
    <UnitTest name="UserConstructorTest" storage="e:\大三上学期\软件工程\软件工程实验3\ml\demouser\testproject1\bin\debug\testproject1.dll" id="540f0c17-3ca7-83ce-ee69-c545db0ff423">
      <Css projectStructure="" iteration="" />
      <Owners>
        <Owner name="" />
      </Owners>
      <Execution id="39682248-8d07-410c-8a30-183b782b29a1" />
      <TestMethod codeBase="E:\大三上学期\软件工程\软件工程实验3\ml\DemoUser\TestProject1\bin\Debug\TestProject1.dll" adapterTypeName="Microsoft.VisualStudio.TestTools.TestTypes.Unit.UnitTestAdapter, Microsoft.VisualStudio.QualityTools.Tips.UnitTest.Adapter, Version=9.0.0.0, Culture=neutral, PublicKeyToken=b03f5f7f11d50a3a" className="TestProject1.UserTest, TestProject1" name="UserConstructorTest" />
    </UnitTest>
    <UnitTest name="ShowTest" storage="e:\大三上学期\软件工程\软件工程实验3\ml\demouser\testproject1\bin\debug\testproject1.dll" id="6cf9b48a-1c04-c64c-6be7-913e40ca4696">
      <Css projectStructure="" iteration="" />
      <Owners>
        <Owner name="" />
      </Owners>
      <Execution id="2f2f6784-0d60-4d8e-8728-87d5243d1130" />
      <TestMethod codeBase="E:\大三上学期\软件工程\软件工程实验3\ml\DemoUser\TestProject1\bin\Debug\TestProject1.dll" adapterTypeName="Microsoft.VisualStudio.TestTools.TestTypes.Unit.UnitTestAdapter, Microsoft.VisualStudio.QualityTools.Tips.UnitTest.Adapter, Version=9.0.0.0, Culture=neutral, PublicKeyToken=b03f5f7f11d50a3a" className="TestProject1.UserTest, TestProject1" name="ShowTest" />
    </UnitTest>
    <UnitTest name="BorderTest" storage="e:\大三上学期\软件工程\软件工程实验3\ml\demouser\testproject1\bin\debug\testproject1.dll" id="72644784-0e09-737d-b576-d143a9e7a0e8">
      <Css projectStructure="" iteration="" />
      <Owners>
        <Owner name="" />
      </Owners>
      <Execution id="5a3baea7-2e2b-4359-9013-b0ef900054cf" />
      <TestMethod codeBase="E:\大三上学期\软件工程\软件工程实验3\ml\DemoUser\TestProject1\bin\Debug\TestProject1.dll" adapterTypeName="Microsoft.VisualStudio.TestTools.TestTypes.Unit.UnitTestAdapter, Microsoft.VisualStudio.QualityTools.Tips.UnitTest.Adapter, Version=9.0.0.0, Culture=neutral, PublicKeyToken=b03f5f7f11d50a3a" className="TestProject1.UserTest, TestProject1" name="BorderTest" />
    </UnitTest>
    <UnitTest name="MainTest" storage="e:\大三上学期\软件工程\软件工程实验3\ml\demouser\testproject1\bin\debug\testproject1.dll" id="9a46fa9b-9a2e-3eff-02e4-ce3ff885083d">
      <Css projectStructure="" iteration="" />
      <Owners>
        <Owner name="" />
      </Owners>
      <DeploymentItems>
        <DeploymentItem filename="DemoUser.exe" />
      </DeploymentItems>
      <Execution id="04ec1b49-e147-457c-baf7-773070fd3e80" />
      <TestMethod codeBase="E:\大三上学期\软件工程\软件工程实验3\ml\DemoUser\TestProject1\bin\Debug\TestProject1.dll" adapterTypeName="Microsoft.VisualStudio.TestTools.TestTypes.Unit.UnitTestAdapter, Microsoft.VisualStudio.QualityTools.Tips.UnitTest.Adapter, Version=9.0.0.0, Culture=neutral, PublicKeyToken=b03f5f7f11d50a3a" className="TestProject1.ProgramTest, TestProject1" name="MainTest" />
    </UnitTest>
    <UnitTest name="ProgramConstructorTest" storage="e:\大三上学期\软件工程\软件工程实验3\ml\demouser\testproject1\bin\debug\testproject1.dll" id="a3928d71-0d90-b11d-8ba6-9f61b459e3b5">
      <Css projectStructure="" iteration="" />
      <Owners>
        <Owner name="" />
      </Owners>
      <Execution id="b767c67a-a02d-43a7-8264-45de6b398a8b" />
      <TestMethod codeBase="E:\大三上学期\软件工程\软件工程实验3\ml\DemoUser\TestProject1\bin\Debug\TestProject1.dll" adapterTypeName="Microsoft.VisualStudio.TestTools.TestTypes.Unit.UnitTestAdapter, Microsoft.VisualStudio.QualityTools.Tips.UnitTest.Adapter, Version=9.0.0.0, Culture=neutral, PublicKeyToken=b03f5f7f11d50a3a" className="TestProject1.ProgramTest, TestProject1" name="ProgramConstructorTest" />
    </UnitTest>
  </TestDefinitions>
  <TestLists>
    <TestList name="列表中未列出的结果" id="8c84fa94-04c1-424b-9868-57a2d4851a1d" />
    <TestList name="所有已加载的结果" id="19431567-8539-422a-85d7-44ee4e166bda" />
  </TestLists>
  <TestEntries>
    <TestEntry testId="9a46fa9b-9a2e-3eff-02e4-ce3ff885083d" executionId="04ec1b49-e147-457c-baf7-773070fd3e80" testListId="8c84fa94-04c1-424b-9868-57a2d4851a1d" />
    <TestEntry testId="a3928d71-0d90-b11d-8ba6-9f61b459e3b5" executionId="b767c67a-a02d-43a7-8264-45de6b398a8b" testListId="8c84fa94-04c1-424b-9868-57a2d4851a1d" />
    <TestEntry testId="540f0c17-3ca7-83ce-ee69-c545db0ff423" executionId="39682248-8d07-410c-8a30-183b782b29a1" testListId="8c84fa94-04c1-424b-9868-57a2d4851a1d" />
    <TestEntry testId="3393840d-e9a6-a6a7-c521-cccd30a65ca7" executionId="57270be8-1ff3-432b-8b2d-ab42ce88c9e7" testListId="8c84fa94-04c1-424b-9868-57a2d4851a1d" />
    <TestEntry testId="6cf9b48a-1c04-c64c-6be7-913e40ca4696" executionId="2f2f6784-0d60-4d8e-8728-87d5243d1130" testListId="8c84fa94-04c1-424b-9868-57a2d4851a1d" />
    <TestEntry testId="1180a974-3385-e89f-5fe7-fd3c01e6b092" executionId="70f1f1a2-56ed-4fcb-83f9-bc8340d971c2" testListId="8c84fa94-04c1-424b-9868-57a2d4851a1d" />
    <TestEntry testId="72644784-0e09-737d-b576-d143a9e7a0e8" executionId="5a3baea7-2e2b-4359-9013-b0ef900054cf" testListId="8c84fa94-04c1-424b-9868-57a2d4851a1d" />
  </TestEntries>
  <Results>
    <UnitTestResult executionId="04ec1b49-e147-457c-baf7-773070fd3e80" testId="9a46fa9b-9a2e-3eff-02e4-ce3ff885083d" testName="MainTest" computerName="DU6MRL69WMMNV6I" duration="00:00:00.0969321" startTime="2015-10-21T20:57:42.4714941+08:00" endTime="2015-10-21T20:57:42.9214947+08:00" testType="13cdc9d9-ddb5-4fa4-a97d-d965ccfc6d4b" outcome="Inconclusive" testListId="8c84fa94-04c1-424b-9868-57a2d4851a1d">
      <Output>
        <ErrorInfo>
          <Message>Assert.Inconclusive 失败。无法验证不返回值的方法。</Message>
          <StackTrace>   在 TestProject1.ProgramTest.MainTest() 位置 E:\大三上学期\软件工程\软件工程实验3\ml\DemoUser\TestProject1\ProgramTest.cs:行号 74
</StackTrace>
        </ErrorInfo>
      </Output>
    </UnitTestResult>
    <UnitTestResult executionId="b767c67a-a02d-43a7-8264-45de6b398a8b" testId="a3928d71-0d90-b11d-8ba6-9f61b459e3b5" testName="ProgramConstructorTest" computerName="DU6MRL69WMMNV6I" duration="00:00:00.0126973" startTime="2015-10-21T20:57:42.9314947+08:00" endTime="2015-10-21T20:57:42.9414947+08:00" testType="13cdc9d9-ddb5-4fa4-a97d-d965ccfc6d4b" outcome="Inconclusive" testListId="8c84fa94-04c1-424b-9868-57a2d4851a1d">
      <Output>
        <ErrorInfo>
          <Message>Assert.Inconclusive 失败。TODO: 实现用来验证目标的代码</Message>
          <StackTrace>   在 TestProject1.ProgramTest.ProgramConstructorTest() 位置 E:\大三上学期\软件工程\软件工程实验3\ml\DemoUser\TestProject1\ProgramTest.cs:行号 84
</StackTrace>
        </ErrorInfo>
      </Output>
    </UnitTestResult>
    <UnitTestResult executionId="39682248-8d07-410c-8a30-183b782b29a1" testId="540f0c17-3ca7-83ce-ee69-c545db0ff423" testName="UserConstructorTest" computerName="DU6MRL69WMMNV6I" duration="00:00:00.0014376" startTime="2015-10-21T20:57:42.9614948+08:00" endTime="2015-10-21T20:57:42.9614948+08:00" testType="13cdc9d9-ddb5-4fa4-a97d-d965ccfc6d4b" outcome="Passed" testListId="8c84fa94-04c1-424b-9868-57a2d4851a1d">
      <Output>
      </Output>
    </UnitTestResult>
    <UnitTestResult executionId="57270be8-1ff3-432b-8b2d-ab42ce88c9e7" testId="3393840d-e9a6-a6a7-c521-cccd30a65ca7" testName="UserConstructorEmptyTest" computerName="DU6MRL69WMMNV6I" duration="00:00:00.0003248" startTime="2015-10-21T20:57:42.9914948+08:00" endTime="2015-10-21T20:57:42.9914948+08:00" testType="13cdc9d9-ddb5-4fa4-a97d-d965ccfc6d4b" outcome="Passed" testListId="8c84fa94-04c1-424b-9868-57a2d4851a1d">
      <Output>
      </Output>
    </UnitTestResult>
    <UnitTestResult executionId="2f2f6784-0d60-4d8e-8728-87d5243d1130" testId="6cf9b48a-1c04-c64c-6be7-913e40ca4696" testName="ShowTest" computerName="DU6MRL69WMMNV6I" duration="00:00:00.0131019" startTime="2015-10-21T20:57:43.0014948+08:00" endTime="2015-10-21T20:57:43.0214948+08:00" testType="13cdc9d9-ddb5-4fa4-a97d-d965ccfc6d4b" outcome="Failed" testListId="8c84fa94-04c1-424b-9868-57a2d4851a1d">
      <Output>
        <StdOut>123</StdOut>
        <ErrorInfo>
          <Message>Assert.IsTrue 失败。</Message>
          <StackTrace>   在 TestProject1.UserTest.ShowTest() 位置 E:\大三上学期\软件工程\软件工程实验3\ml\DemoUser\TestProject1\UserTest.cs:行号 98
</StackTrace>
        </ErrorInfo>
      </Output>
    </UnitTestResult>
    <UnitTestResult executionId="70f1f1a2-56ed-4fcb-83f9-bc8340d971c2" testId="1180a974-3385-e89f-5fe7-fd3c01e6b092" testName="InterfaceTest" computerName="DU6MRL69WMMNV6I" duration="00:00:00.0128434" startTime="2015-10-21T20:57:43.0314948+08:00" endTime="2015-10-21T20:57:43.0514949+08:00" testType="13cdc9d9-ddb5-4fa4-a97d-d965ccfc6d4b" outcome="Failed" testListId="8c84fa94-04c1-424b-9868-57a2d4851a1d">
      <Output>
        <ErrorInfo>
          <Message>Assert.IsTrue 失败。</Message>
          <StackTrace>   在 TestProject1.UserTest.InterfaceTest() 位置 E:\大三上学期\软件工程\软件工程实验3\ml\DemoUser\TestProject1\UserTest.cs:行号 110
</StackTrace>
        </ErrorInfo>
      </Output>
    </UnitTestResult>
    <UnitTestResult executionId="5a3baea7-2e2b-4359-9013-b0ef900054cf" testId="72644784-0e09-737d-b576-d143a9e7a0e8" testName="BorderTest" computerName="DU6MRL69WMMNV6I" duration="00:00:00.0111954" startTime="2015-10-21T20:57:43.0714949+08:00" endTime="2015-10-21T20:57:43.0814949+08:00" testType="13cdc9d9-ddb5-4fa4-a97d-d965ccfc6d4b" outcome="Failed" testListId="8c84fa94-04c1-424b-9868-57a2d4851a1d">
      <Output>
        <StdOut>越界</StdOut>
        <ErrorInfo>
          <Message>Assert.IsTrue 失败。</Message>
          <StackTrace>   在 TestProject1.UserTest.BorderTest() 位置 E:\大三上学期\软件工程\软件工程实验3\ml\DemoUser\TestProject1\UserTest.cs:行号 121
</StackTrace>
        </ErrorInfo>
      </Output>
    </UnitTestResult>
  </Results>
</TestRun>