<?xml version="1.0" encoding="UTF-8"?>
<TestRun id="d0c80803-a37c-4636-a4da-caa15971dbd9" name="Administrator@DU6MRL69WMMNV6I 2015-10-21 19:47:55" runUser="DU6MRL69WMMNV6I\Administrator" xmlns="http://microsoft.com/schemas/VisualStudio/TeamTest/2006">
  <TestRunConfiguration name="本地测试运行" id="4076fb99-a92d-4432-9d96-4d02bf257bdd">
    <Description>这是本地测试运行的默认测试运行配置。</Description>
    <Deployment runDeploymentRoot="E:\大三上学期\软件工程\软件工程实验3\ml\DemoUser\TestResults\Administrator_DU6MRL69WMMNV6I 2015-10-21 19_47_55">
      <DeploymentItem filename="E:\大三上学期\软件工程\软件工程实验3\ml\DemoUser\DemoUser\bin\Debug\DemoUser.exe" />
    </Deployment>
    <CodeCoverage>
      <Regular>
        <CodeCoverageItem binaryFile="DemoUser\bin\Debug\DemoUser.exe" pdbFile="DemoUser\bin\Debug\DemoUser.pdb" instrumentInPlace="true" />
        <CodeCoverageItem binaryFile="TestProject1\bin\Debug\TestProject1.dll" pdbFile="TestProject1\bin\Debug\TestProject1.pdb" instrumentInPlace="true" />
      </Regular>
    </CodeCoverage>
    <TestTypeSpecific>
      <WebTestRunConfiguration testTypeId="4e7599fa-5ecb-43e9-a887-cd63cf72d207">
        <Browser name="Internet Explorer 7.0">
          <Headers>
            <Header name="User-Agent" value="Mozilla/4.0 (compatible; MSIE 7.0; Windows NT 5.1)" />
            <Header name="Accept" value="*/*" />
            <Header name="Accept-Language" value="{{$IEAcceptLanguage}}" />
            <Header name="Accept-Encoding" value="GZIP" />
          </Headers>
        </Browser>
        <Network Name="LAN" BandwidthInKbps="0" />
      </WebTestRunConfiguration>
    </TestTypeSpecific>
  </TestRunConfiguration>
  <ResultSummary outcome="Failed">
    <Counters total="5" executed="5" passed="2" error="0" failed="1" timeout="0" aborted="0" inconclusive="2" passedButRunAborted="0" notRunnable="0" notExecuted="0" disconnected="0" warning="0" completed="0" inProgress="0" pending="0" />
  </ResultSummary>
  <Times creation="2015-10-21T19:47:55.7689627+08:00" queuing="2015-10-21T19:48:03.2413758+08:00" start="2015-10-21T19:48:06.5017815+08:00" finish="2015-10-21T19:48:07.6405835+08:00" />
  <TestDefinitions>
    <UnitTest name="UserConstructorEmptyTest" storage="e:\大三上学期\软件工程\软件工程实验3\ml\demouser\testproject1\bin\debug\testproject1.dll" id="3393840d-e9a6-a6a7-c521-cccd30a65ca7">
      <Css projectStructure="" iteration="" />
      <Owners>
        <Owner name="" />
      </Owners>
      <Execution id="53c749ef-3ef3-440d-8256-eb0868177d96" />
      <TestMethod codeBase="E:\大三上学期\软件工程\软件工程实验3\ml\DemoUser\TestProject1\bin\Debug\TestProject1.dll" adapterTypeName="Microsoft.VisualStudio.TestTools.TestTypes.Unit.UnitTestAdapter, Microsoft.VisualStudio.QualityTools.Tips.UnitTest.Adapter, Version=9.0.0.0, Culture=neutral, PublicKeyToken=b03f5f7f11d50a3a" className="TestProject1.UserTest, TestProject1" name="UserConstructorEmptyTest" />
    </UnitTest>
    <UnitTest name="UserConstructorTest" storage="e:\大三上学期\软件工程\软件工程实验3\ml\demouser\testproject1\bin\debug\testproject1.dll" id="540f0c17-3ca7-83ce-ee69-c545db0ff423">
      <Css projectStructure="" iteration="" />
      <Owners>
        <Owner name="" />
      </Owners>
      <Execution id="234748b2-6f8a-46cf-9eb7-57ab0abea72a" />
      <TestMethod codeBase="E:\大三上学期\软件工程\软件工程实验3\ml\DemoUser\TestProject1\bin\Debug\TestProject1.dll" adapterTypeName="Microsoft.VisualStudio.TestTools.TestTypes.Unit.UnitTestAdapter, Microsoft.VisualStudio.QualityTools.Tips.UnitTest.Adapter, Version=9.0.0.0, Culture=neutral, PublicKeyToken=b03f5f7f11d50a3a" className="TestProject1.UserTest, TestProject1" name="UserConstructorTest" />
    </UnitTest>
    <UnitTest name="ShowTest" storage="e:\大三上学期\软件工程\软件工程实验3\ml\demouser\testproject1\bin\debug\testproject1.dll" id="6cf9b48a-1c04-c64c-6be7-913e40ca4696">
      <Css projectStructure="" iteration="" />
      <Owners>
        <Owner name="" />
      </Owners>
      <Execution id="d5bc0804-bca7-4432-810d-7e330ca1fe8d" />
      <TestMethod codeBase="E:\大三上学期\软件工程\软件工程实验3\ml\DemoUser\TestProject1\bin\Debug\TestProject1.dll" adapterTypeName="Microsoft.VisualStudio.TestTools.TestTypes.Unit.UnitTestAdapter, Microsoft.VisualStudio.QualityTools.Tips.UnitTest.Adapter, Version=9.0.0.0, Culture=neutral, PublicKeyToken=b03f5f7f11d50a3a" className="TestProject1.UserTest, TestProject1" name="ShowTest" />
    </UnitTest>
    <UnitTest name="MainTest" storage="e:\大三上学期\软件工程\软件工程实验3\ml\demouser\testproject1\bin\debug\testproject1.dll" id="9a46fa9b-9a2e-3eff-02e4-ce3ff885083d">
      <Css projectStructure="" iteration="" />
      <Owners>
        <Owner name="" />
      </Owners>
      <DeploymentItems>
        <DeploymentItem filename="DemoUser.exe" />
      </DeploymentItems>
      <Execution id="721fd6e6-29da-4778-b312-c8b1223873d2" />
      <TestMethod codeBase="E:\大三上学期\软件工程\软件工程实验3\ml\DemoUser\TestProject1\bin\Debug\TestProject1.dll" adapterTypeName="Microsoft.VisualStudio.TestTools.TestTypes.Unit.UnitTestAdapter, Microsoft.VisualStudio.QualityTools.Tips.UnitTest.Adapter, Version=9.0.0.0, Culture=neutral, PublicKeyToken=b03f5f7f11d50a3a" className="TestProject1.ProgramTest, TestProject1" name="MainTest" />
    </UnitTest>
    <UnitTest name="ProgramConstructorTest" storage="e:\大三上学期\软件工程\软件工程实验3\ml\demouser\testproject1\bin\debug\testproject1.dll" id="a3928d71-0d90-b11d-8ba6-9f61b459e3b5">
      <Css projectStructure="" iteration="" />
      <Owners>
        <Owner name="" />
      </Owners>
      <Execution id="850cae08-4614-4fa4-8b47-58fc838517f4" />
      <TestMethod codeBase="E:\大三上学期\软件工程\软件工程实验3\ml\DemoUser\TestProject1\bin\Debug\TestProject1.dll" adapterTypeName="Microsoft.VisualStudio.TestTools.TestTypes.Unit.UnitTestAdapter, Microsoft.VisualStudio.QualityTools.Tips.UnitTest.Adapter, Version=9.0.0.0, Culture=neutral, PublicKeyToken=b03f5f7f11d50a3a" className="TestProject1.ProgramTest, TestProject1" name="ProgramConstructorTest" />
    </UnitTest>
  </TestDefinitions>
  <TestLists>
    <TestList name="列表中未列出的结果" id="8c84fa94-04c1-424b-9868-57a2d4851a1d" />
    <TestList name="所有已加载的结果" id="19431567-8539-422a-85d7-44ee4e166bda" />
  </TestLists>
  <TestEntries>
    <TestEntry testId="9a46fa9b-9a2e-3eff-02e4-ce3ff885083d" executionId="721fd6e6-29da-4778-b312-c8b1223873d2" testListId="8c84fa94-04c1-424b-9868-57a2d4851a1d" />
    <TestEntry testId="a3928d71-0d90-b11d-8ba6-9f61b459e3b5" executionId="850cae08-4614-4fa4-8b47-58fc838517f4" testListId="8c84fa94-04c1-424b-9868-57a2d4851a1d" />
    <TestEntry testId="540f0c17-3ca7-83ce-ee69-c545db0ff423" executionId="234748b2-6f8a-46cf-9eb7-57ab0abea72a" testListId="8c84fa94-04c1-424b-9868-57a2d4851a1d" />
    <TestEntry testId="3393840d-e9a6-a6a7-c521-cccd30a65ca7" executionId="53c749ef-3ef3-440d-8256-eb0868177d96" testListId="8c84fa94-04c1-424b-9868-57a2d4851a1d" />
    <TestEntry testId="6cf9b48a-1c04-c64c-6be7-913e40ca4696" executionId="d5bc0804-bca7-4432-810d-7e330ca1fe8d" testListId="8c84fa94-04c1-424b-9868-57a2d4851a1d" />
  </TestEntries>
  <Results>
    <UnitTestResult executionId="721fd6e6-29da-4778-b312-c8b1223873d2" testId="9a46fa9b-9a2e-3eff-02e4-ce3ff885083d" testName="MainTest" computerName="DU6MRL69WMMNV6I" duration="00:00:00.1561346" startTime="2015-10-21T19:48:06.6889818+08:00" endTime="2015-10-21T19:48:07.2661829+08:00" testType="13cdc9d9-ddb5-4fa4-a97d-d965ccfc6d4b" outcome="Inconclusive" testListId="8c84fa94-04c1-424b-9868-57a2d4851a1d">
      <Output>
        <ErrorInfo>
          <Message>Assert.Inconclusive 失败。无法验证不返回值的方法。</Message>
          <StackTrace>   在 TestProject1.ProgramTest.MainTest() 位置 E:\大三上学期\软件工程\软件工程实验3\ml\DemoUser\TestProject1\ProgramTest.cs:行号 74
</StackTrace>
        </ErrorInfo>
      </Output>
    </UnitTestResult>
    <UnitTestResult executionId="850cae08-4614-4fa4-8b47-58fc838517f4" testId="a3928d71-0d90-b11d-8ba6-9f61b459e3b5" testName="ProgramConstructorTest" computerName="DU6MRL69WMMNV6I" duration="00:00:00.0141424" startTime="2015-10-21T19:48:07.2973829+08:00" endTime="2015-10-21T19:48:07.3285830+08:00" testType="13cdc9d9-ddb5-4fa4-a97d-d965ccfc6d4b" outcome="Inconclusive" testListId="8c84fa94-04c1-424b-9868-57a2d4851a1d">
      <Output>
        <ErrorInfo>
          <Message>Assert.Inconclusive 失败。TODO: 实现用来验证目标的代码</Message>
          <StackTrace>   在 TestProject1.ProgramTest.ProgramConstructorTest() 位置 E:\大三上学期\软件工程\软件工程实验3\ml\DemoUser\TestProject1\ProgramTest.cs:行号 84
</StackTrace>
        </ErrorInfo>
      </Output>
    </UnitTestResult>
    <UnitTestResult executionId="234748b2-6f8a-46cf-9eb7-57ab0abea72a" testId="540f0c17-3ca7-83ce-ee69-c545db0ff423" testName="UserConstructorTest" computerName="DU6MRL69WMMNV6I" duration="00:00:00.0015153" startTime="2015-10-21T19:48:07.3441830+08:00" endTime="2015-10-21T19:48:07.3441830+08:00" testType="13cdc9d9-ddb5-4fa4-a97d-d965ccfc6d4b" outcome="Passed" testListId="8c84fa94-04c1-424b-9868-57a2d4851a1d">
      <Output>
      </Output>
    </UnitTestResult>
    <UnitTestResult executionId="53c749ef-3ef3-440d-8256-eb0868177d96" testId="3393840d-e9a6-a6a7-c521-cccd30a65ca7" testName="UserConstructorEmptyTest" computerName="DU6MRL69WMMNV6I" duration="00:00:00.0003521" startTime="2015-10-21T19:48:07.3909831+08:00" endTime="2015-10-21T19:48:07.4221831+08:00" testType="13cdc9d9-ddb5-4fa4-a97d-d965ccfc6d4b" outcome="Passed" testListId="8c84fa94-04c1-424b-9868-57a2d4851a1d">
      <Output>
      </Output>
    </UnitTestResult>
    <UnitTestResult executionId="d5bc0804-bca7-4432-810d-7e330ca1fe8d" testId="6cf9b48a-1c04-c64c-6be7-913e40ca4696" testName="ShowTest" computerName="DU6MRL69WMMNV6I" duration="00:00:00.0135563" startTime="2015-10-21T19:48:07.4377832+08:00" endTime="2015-10-21T19:48:07.4533832+08:00" testType="13cdc9d9-ddb5-4fa4-a97d-d965ccfc6d4b" outcome="Failed" testListId="8c84fa94-04c1-424b-9868-57a2d4851a1d">
      <Output>
        <StdOut>123</StdOut>
        <ErrorInfo>
          <Message>Assert.IsTrue 失败。</Message>
          <StackTrace>   在 TestProject1.UserTest.ShowTest() 位置 E:\大三上学期\软件工程\软件工程实验3\ml\DemoUser\TestProject1\UserTest.cs:行号 98
</StackTrace>
        </ErrorInfo>
      </Output>
    </UnitTestResult>
  </Results>
</TestRun>