<?xml version="1.0" encoding="UTF-8"?>
<TestRun id="4530801f-4a65-44b8-926a-554f1a7715cd" name="Administrator@DU6MRL69WMMNV6I 2015-10-21 20:53:57" runUser="DU6MRL69WMMNV6I\Administrator" xmlns="http://microsoft.com/schemas/VisualStudio/TeamTest/2006">
  <TestRunConfiguration name="本地测试运行" id="4076fb99-a92d-4432-9d96-4d02bf257bdd">
    <Description>这是本地测试运行的默认测试运行配置。</Description>
    <Deployment runDeploymentRoot="E:\大三上学期\软件工程\软件工程实验3\ml\DemoUser\TestResults\Administrator_DU6MRL69WMMNV6I 2015-10-21 20_53_57">
      <DeploymentItem filename="E:\大三上学期\软件工程\软件工程实验3\ml\DemoUser\DemoUser\bin\Debug\DemoUser.exe" />
    </Deployment>
    <CodeCoverage>
      <Regular>
        <CodeCoverageItem binaryFile="DemoUser\bin\Debug\DemoUser.exe" pdbFile="DemoUser\bin\Debug\DemoUser.pdb" instrumentInPlace="true" />
        <CodeCoverageItem binaryFile="TestProject1\bin\Debug\TestProject1.dll" pdbFile="TestProject1\bin\Debug\TestProject1.pdb" instrumentInPlace="true" />
      </Regular>
    </CodeCoverage>
    <TestTypeSpecific>
      <WebTestRunConfiguration testTypeId="4e7599fa-5ecb-43e9-a887-cd63cf72d207">
        <Browser name="Internet Explorer 7.0">
          <Headers>
            <Header name="User-Agent" value="Mozilla/4.0 (compatible; MSIE 7.0; Windows NT 5.1)" />
            <Header name="Accept" value="*/*" />
            <Header name="Accept-Language" value="{{$IEAcceptLanguage}}" />
            <Header name="Accept-Encoding" value="GZIP" />
          </Headers>
        </Browser>
        <Network Name="LAN" BandwidthInKbps="0" />
      </WebTestRunConfiguration>
    </TestTypeSpecific>
  </TestRunConfiguration>
  <ResultSummary outcome="Failed">
    <Counters total="7" executed="7" passed="3" error="0" failed="2" timeout="0" aborted="0" inconclusive="2" passedButRunAborted="0" notRunnable="0" notExecuted="0" disconnected="0" warning="0" completed="0" inProgress="0" pending="0" />
  </ResultSummary>
  <Times creation="2015-10-21T20:53:57.7011794+08:00" queuing="2015-10-21T20:53:59.9611826+08:00" start="2015-10-21T20:54:00.5611834+08:00" finish="2015-10-21T20:54:01.5611848+08:00" />
  <TestDefinitions>
    <UnitTest name="InterfaceTest" storage="e:\大三上学期\软件工程\软件工程实验3\ml\demouser\testproject1\bin\debug\testproject1.dll" id="1180a974-3385-e89f-5fe7-fd3c01e6b092">
      <Css projectStructure="" iteration="" />
      <Owners>
        <Owner name="" />
      </Owners>
      <Execution id="371730c9-4274-4b75-a252-3a8522894dcc" />
      <TestMethod codeBase="E:\大三上学期\软件工程\软件工程实验3\ml\DemoUser\TestProject1\bin\Debug\TestProject1.dll" adapterTypeName="Microsoft.VisualStudio.TestTools.TestTypes.Unit.UnitTestAdapter, Microsoft.VisualStudio.QualityTools.Tips.UnitTest.Adapter, Version=9.0.0.0, Culture=neutral, PublicKeyToken=b03f5f7f11d50a3a" className="TestProject1.UserTest, TestProject1" name="InterfaceTest" />
    </UnitTest>
    <UnitTest name="UserConstructorEmptyTest" storage="e:\大三上学期\软件工程\软件工程实验3\ml\demouser\testproject1\bin\debug\testproject1.dll" id="3393840d-e9a6-a6a7-c521-cccd30a65ca7">
      <Css projectStructure="" iteration="" />
      <Owners>
        <Owner name="" />
      </Owners>
      <Execution id="26ed033f-4686-48c1-9bf6-876c9aca80bb" />
      <TestMethod codeBase="E:\大三上学期\软件工程\软件工程实验3\ml\DemoUser\TestProject1\bin\Debug\TestProject1.dll" adapterTypeName="Microsoft.VisualStudio.TestTools.TestTypes.Unit.UnitTestAdapter, Microsoft.VisualStudio.QualityTools.Tips.UnitTest.Adapter, Version=9.0.0.0, Culture=neutral, PublicKeyToken=b03f5f7f11d50a3a" className="TestProject1.UserTest, TestProject1" name="UserConstructorEmptyTest" />
    </UnitTest>
    <UnitTest name="UserConstructorTest" storage="e:\大三上学期\软件工程\软件工程实验3\ml\demouser\testproject1\bin\debug\testproject1.dll" id="540f0c17-3ca7-83ce-ee69-c545db0ff423">
      <Css projectStructure="" iteration="" />
      <Owners>
        <Owner name="" />
      </Owners>
      <Execution id="331c4ba4-8e6e-400c-8cd9-787e0137ff2a" />
      <TestMethod codeBase="E:\大三上学期\软件工程\软件工程实验3\ml\DemoUser\TestProject1\bin\Debug\TestProject1.dll" adapterTypeName="Microsoft.VisualStudio.TestTools.TestTypes.Unit.UnitTestAdapter, Microsoft.VisualStudio.QualityTools.Tips.UnitTest.Adapter, Version=9.0.0.0, Culture=neutral, PublicKeyToken=b03f5f7f11d50a3a" className="TestProject1.UserTest, TestProject1" name="UserConstructorTest" />
    </UnitTest>
    <UnitTest name="ShowTest" storage="e:\大三上学期\软件工程\软件工程实验3\ml\demouser\testproject1\bin\debug\testproject1.dll" id="6cf9b48a-1c04-c64c-6be7-913e40ca4696">
      <Css projectStructure="" iteration="" />
      <Owners>
        <Owner name="" />
      </Owners>
      <Execution id="24f6a74d-5342-4e99-903f-3550c88cf491" />
      <TestMethod codeBase="E:\大三上学期\软件工程\软件工程实验3\ml\DemoUser\TestProject1\bin\Debug\TestProject1.dll" adapterTypeName="Microsoft.VisualStudio.TestTools.TestTypes.Unit.UnitTestAdapter, Microsoft.VisualStudio.QualityTools.Tips.UnitTest.Adapter, Version=9.0.0.0, Culture=neutral, PublicKeyToken=b03f5f7f11d50a3a" className="TestProject1.UserTest, TestProject1" name="ShowTest" />
    </UnitTest>
    <UnitTest name="BorderTest" storage="e:\大三上学期\软件工程\软件工程实验3\ml\demouser\testproject1\bin\debug\testproject1.dll" id="72644784-0e09-737d-b576-d143a9e7a0e8">
      <Css projectStructure="" iteration="" />
      <Owners>
        <Owner name="" />
      </Owners>
      <Execution id="fc2e08e3-050b-4482-84be-e32fecfa83df" />
      <TestMethod codeBase="E:\大三上学期\软件工程\软件工程实验3\ml\DemoUser\TestProject1\bin\Debug\TestProject1.dll" adapterTypeName="Microsoft.VisualStudio.TestTools.TestTypes.Unit.UnitTestAdapter, Microsoft.VisualStudio.QualityTools.Tips.UnitTest.Adapter, Version=9.0.0.0, Culture=neutral, PublicKeyToken=b03f5f7f11d50a3a" className="TestProject1.UserTest, TestProject1" name="BorderTest" />
    </UnitTest>
    <UnitTest name="MainTest" storage="e:\大三上学期\软件工程\软件工程实验3\ml\demouser\testproject1\bin\debug\testproject1.dll" id="9a46fa9b-9a2e-3eff-02e4-ce3ff885083d">
      <Css projectStructure="" iteration="" />
      <Owners>
        <Owner name="" />
      </Owners>
      <DeploymentItems>
        <DeploymentItem filename="DemoUser.exe" />
      </DeploymentItems>
      <Execution id="d149fbcd-738e-4b4f-9891-3cfe7eb5ddd8" />
      <TestMethod codeBase="E:\大三上学期\软件工程\软件工程实验3\ml\DemoUser\TestProject1\bin\Debug\TestProject1.dll" adapterTypeName="Microsoft.VisualStudio.TestTools.TestTypes.Unit.UnitTestAdapter, Microsoft.VisualStudio.QualityTools.Tips.UnitTest.Adapter, Version=9.0.0.0, Culture=neutral, PublicKeyToken=b03f5f7f11d50a3a" className="TestProject1.ProgramTest, TestProject1" name="MainTest" />
    </UnitTest>
    <UnitTest name="ProgramConstructorTest" storage="e:\大三上学期\软件工程\软件工程实验3\ml\demouser\testproject1\bin\debug\testproject1.dll" id="a3928d71-0d90-b11d-8ba6-9f61b459e3b5">
      <Css projectStructure="" iteration="" />
      <Owners>
        <Owner name="" />
      </Owners>
      <Execution id="7672f272-a984-428a-acdb-b1d8701fb529" />
      <TestMethod codeBase="E:\大三上学期\软件工程\软件工程实验3\ml\DemoUser\TestProject1\bin\Debug\TestProject1.dll" adapterTypeName="Microsoft.VisualStudio.TestTools.TestTypes.Unit.UnitTestAdapter, Microsoft.VisualStudio.QualityTools.Tips.UnitTest.Adapter, Version=9.0.0.0, Culture=neutral, PublicKeyToken=b03f5f7f11d50a3a" className="TestProject1.ProgramTest, TestProject1" name="ProgramConstructorTest" />
    </UnitTest>
  </TestDefinitions>
  <TestLists>
    <TestList name="列表中未列出的结果" id="8c84fa94-04c1-424b-9868-57a2d4851a1d" />
    <TestList name="所有已加载的结果" id="19431567-8539-422a-85d7-44ee4e166bda" />
  </TestLists>
  <TestEntries>
    <TestEntry testId="9a46fa9b-9a2e-3eff-02e4-ce3ff885083d" executionId="d149fbcd-738e-4b4f-9891-3cfe7eb5ddd8" testListId="8c84fa94-04c1-424b-9868-57a2d4851a1d" />
    <TestEntry testId="a3928d71-0d90-b11d-8ba6-9f61b459e3b5" executionId="7672f272-a984-428a-acdb-b1d8701fb529" testListId="8c84fa94-04c1-424b-9868-57a2d4851a1d" />
    <TestEntry testId="540f0c17-3ca7-83ce-ee69-c545db0ff423" executionId="331c4ba4-8e6e-400c-8cd9-787e0137ff2a" testListId="8c84fa94-04c1-424b-9868-57a2d4851a1d" />
    <TestEntry testId="3393840d-e9a6-a6a7-c521-cccd30a65ca7" executionId="26ed033f-4686-48c1-9bf6-876c9aca80bb" testListId="8c84fa94-04c1-424b-9868-57a2d4851a1d" />
    <TestEntry testId="6cf9b48a-1c04-c64c-6be7-913e40ca4696" executionId="24f6a74d-5342-4e99-903f-3550c88cf491" testListId="8c84fa94-04c1-424b-9868-57a2d4851a1d" />
    <TestEntry testId="1180a974-3385-e89f-5fe7-fd3c01e6b092" executionId="371730c9-4274-4b75-a252-3a8522894dcc" testListId="8c84fa94-04c1-424b-9868-57a2d4851a1d" />
    <TestEntry testId="72644784-0e09-737d-b576-d143a9e7a0e8" executionId="fc2e08e3-050b-4482-84be-e32fecfa83df" testListId="8c84fa94-04c1-424b-9868-57a2d4851a1d" />
  </TestEntries>
  <Results>
    <UnitTestResult executionId="d149fbcd-738e-4b4f-9891-3cfe7eb5ddd8" testId="9a46fa9b-9a2e-3eff-02e4-ce3ff885083d" testName="MainTest" computerName="DU6MRL69WMMNV6I" duration="00:00:00.1281725" startTime="2015-10-21T20:54:00.7111836+08:00" endTime="2015-10-21T20:54:01.2211843+08:00" testType="13cdc9d9-ddb5-4fa4-a97d-d965ccfc6d4b" outcome="Inconclusive" testListId="8c84fa94-04c1-424b-9868-57a2d4851a1d">
      <Output>
        <ErrorInfo>
          <Message>Assert.Inconclusive 失败。无法验证不返回值的方法。</Message>
          <StackTrace>   在 TestProject1.ProgramTest.MainTest() 位置 E:\大三上学期\软件工程\软件工程实验3\ml\DemoUser\TestProject1\ProgramTest.cs:行号 74
</StackTrace>
        </ErrorInfo>
      </Output>
    </UnitTestResult>
    <UnitTestResult executionId="7672f272-a984-428a-acdb-b1d8701fb529" testId="a3928d71-0d90-b11d-8ba6-9f61b459e3b5" testName="ProgramConstructorTest" computerName="DU6MRL69WMMNV6I" duration="00:00:00.0181008" startTime="2015-10-21T20:54:01.2411843+08:00" endTime="2015-10-21T20:54:01.2711844+08:00" testType="13cdc9d9-ddb5-4fa4-a97d-d965ccfc6d4b" outcome="Inconclusive" testListId="8c84fa94-04c1-424b-9868-57a2d4851a1d">
      <Output>
        <ErrorInfo>
          <Message>Assert.Inconclusive 失败。TODO: 实现用来验证目标的代码</Message>
          <StackTrace>   在 TestProject1.ProgramTest.ProgramConstructorTest() 位置 E:\大三上学期\软件工程\软件工程实验3\ml\DemoUser\TestProject1\ProgramTest.cs:行号 84
</StackTrace>
        </ErrorInfo>
      </Output>
    </UnitTestResult>
    <UnitTestResult executionId="331c4ba4-8e6e-400c-8cd9-787e0137ff2a" testId="540f0c17-3ca7-83ce-ee69-c545db0ff423" testName="UserConstructorTest" computerName="DU6MRL69WMMNV6I" duration="00:00:00.0015394" startTime="2015-10-21T20:54:01.3011844+08:00" endTime="2015-10-21T20:54:01.3111844+08:00" testType="13cdc9d9-ddb5-4fa4-a97d-d965ccfc6d4b" outcome="Passed" testListId="8c84fa94-04c1-424b-9868-57a2d4851a1d">
      <Output>
      </Output>
    </UnitTestResult>
    <UnitTestResult executionId="26ed033f-4686-48c1-9bf6-876c9aca80bb" testId="3393840d-e9a6-a6a7-c521-cccd30a65ca7" testName="UserConstructorEmptyTest" computerName="DU6MRL69WMMNV6I" duration="00:00:00.0003489" startTime="2015-10-21T20:54:01.3211845+08:00" endTime="2015-10-21T20:54:01.3311845+08:00" testType="13cdc9d9-ddb5-4fa4-a97d-d965ccfc6d4b" outcome="Passed" testListId="8c84fa94-04c1-424b-9868-57a2d4851a1d">
      <Output>
      </Output>
    </UnitTestResult>
    <UnitTestResult executionId="24f6a74d-5342-4e99-903f-3550c88cf491" testId="6cf9b48a-1c04-c64c-6be7-913e40ca4696" testName="ShowTest" computerName="DU6MRL69WMMNV6I" duration="00:00:00.0132417" startTime="2015-10-21T20:54:01.3611845+08:00" endTime="2015-10-21T20:54:01.3811845+08:00" testType="13cdc9d9-ddb5-4fa4-a97d-d965ccfc6d4b" outcome="Failed" testListId="8c84fa94-04c1-424b-9868-57a2d4851a1d">
      <Output>
        <StdOut>123</StdOut>
        <ErrorInfo>
          <Message>Assert.IsTrue 失败。</Message>
          <StackTrace>   在 TestProject1.UserTest.ShowTest() 位置 E:\大三上学期\软件工程\软件工程实验3\ml\DemoUser\TestProject1\UserTest.cs:行号 98
</StackTrace>
        </ErrorInfo>
      </Output>
    </UnitTestResult>
    <UnitTestResult executionId="371730c9-4274-4b75-a252-3a8522894dcc" testId="1180a974-3385-e89f-5fe7-fd3c01e6b092" testName="InterfaceTest" computerName="DU6MRL69WMMNV6I" duration="00:00:00.0130502" startTime="2015-10-21T20:54:01.3911846+08:00" endTime="2015-10-21T20:54:01.4211846+08:00" testType="13cdc9d9-ddb5-4fa4-a97d-d965ccfc6d4b" outcome="Failed" testListId="8c84fa94-04c1-424b-9868-57a2d4851a1d">
      <Output>
        <ErrorInfo>
          <Message>Assert.IsTrue 失败。</Message>
          <StackTrace>   在 TestProject1.UserTest.InterfaceTest() 位置 E:\大三上学期\软件工程\软件工程实验3\ml\DemoUser\TestProject1\UserTest.cs:行号 110
</StackTrace>
        </ErrorInfo>
      </Output>
    </UnitTestResult>
    <UnitTestResult executionId="fc2e08e3-050b-4482-84be-e32fecfa83df" testId="72644784-0e09-737d-b576-d143a9e7a0e8" testName="BorderTest" computerName="DU6MRL69WMMNV6I" duration="00:00:00.0005731" startTime="2015-10-21T20:54:01.4311846+08:00" endTime="2015-10-21T20:54:01.4511846+08:00" testType="13cdc9d9-ddb5-4fa4-a97d-d965ccfc6d4b" outcome="Passed" testListId="8c84fa94-04c1-424b-9868-57a2d4851a1d">
      <Output>
      </Output>
    </UnitTestResult>
  </Results>
</TestRun>