<?xml version="1.0" encoding="UTF-8"?>
<TestRun id="d1dc23ab-17c3-4fc4-9ffa-b1ffbaf11c7c" name="STUDENT@L210_7 2015-10-21 11:26:11" runUser="L210_7\STUDENT" xmlns="http://microsoft.com/schemas/VisualStudio/TeamTest/2006">
  <TestRunConfiguration name="本地测试运行" id="4076fb99-a92d-4432-9d96-4d02bf257bdd">
    <Description>这是本地测试运行的默认测试运行配置。</Description>
    <CodeCoverage enabled="true">
      <Regular>
        <CodeCoverageItem binaryFile="E:\ml\DemoUser\DemoUser\bin\Debug\DemoUser.exe" pdbFile="E:\ml\DemoUser\DemoUser\bin\Debug\DemoUser.instr.pdb" instrumentInPlace="true" />
        <CodeCoverageItem binaryFile="E:\ml\DemoUser\TestProject1\bin\Debug\TestProject1.dll" pdbFile="E:\ml\DemoUser\TestProject1\bin\Debug\TestProject1.instr.pdb" instrumentInPlace="true" />
      </Regular>
    </CodeCoverage>
    <Deployment runDeploymentRoot="E:\ml\DemoUser\TestResults\STUDENT_L210_7 2015-10-21 11_26_11">
      <DeploymentItem filename="E:\ml\DemoUser\DemoUser\bin\Debug\DemoUser.exe" />
    </Deployment>
    <Plugins>
      <Plugin>Microsoft.VisualStudio.TestTools.CodeCoverage.CoveragePlugIn, Microsoft.VisualStudio.QualityTools.Plugins.CodeCoverage, PublicKeyToken=b03f5f7f11d50a3a</Plugin>
    </Plugins>
    <TestTypeSpecific>
      <WebTestRunConfiguration testTypeId="4e7599fa-5ecb-43e9-a887-cd63cf72d207">
        <Browser name="Internet Explorer 7.0">
          <Headers>
            <Header name="User-Agent" value="Mozilla/4.0 (compatible; MSIE 7.0; Windows NT 5.1)" />
            <Header name="Accept" value="*/*" />
            <Header name="Accept-Language" value="{{$IEAcceptLanguage}}" />
            <Header name="Accept-Encoding" value="GZIP" />
          </Headers>
        </Browser>
        <Network Name="LAN" BandwidthInKbps="0" />
      </WebTestRunConfiguration>
    </TestTypeSpecific>
  </TestRunConfiguration>
  <ResultSummary outcome="Inconclusive">
    <Counters total="4" executed="4" passed="2" error="0" failed="0" timeout="0" aborted="0" inconclusive="2" passedButRunAborted="0" notRunnable="0" notExecuted="0" disconnected="0" warning="0" completed="0" inProgress="0" pending="0" />
    <RunInfos>
      <RunInfo computerName="L210_7" outcome="Warning" timestamp="2015-10-21T11:26:16.1718750+08:00">
        <Text>处理文件 DemoUser.exe 时出现代码覆盖率检测警告:
警告 VSP2013 : 检测此映像要求此映像以 32 位进程的方式运行。已更新 CLR 标头标志，以反映这一信息。。</Text>
      </RunInfo>
      <RunInfo computerName="L210_7" outcome="Warning" timestamp="2015-10-21T11:26:16.4375000+08:00">
        <Text>处理文件 TestProject1.dll 时出现代码覆盖率检测警告:
警告 VSP2013 : 检测此映像要求此映像以 32 位进程的方式运行。已更新 CLR 标头标志，以反映这一信息。。</Text>
      </RunInfo>
    </RunInfos>
  </ResultSummary>
  <Times creation="2015-10-21T11:26:11.1562500+08:00" queuing="2015-10-21T11:26:17.5625000+08:00" start="2015-10-21T11:26:18.1562500+08:00" finish="2015-10-21T11:26:36.4531250+08:00" />
  <TestDefinitions>
    <ManualTest name="ManualTest1" storage="e:\ml\demouser\testproject1\manualtest1.mht" id="67a3308f-cd93-4d4d-b8bd-673a84ebca0e">
      <Css projectStructure="" iteration="" />
      <Description>待办任务：设置说明</Description>
      <Owners>
        <Owner name="" />
      </Owners>
      <Execution id="9d33788e-f55d-4fb0-ac8f-48fcf91a7c73" />
    </ManualTest>
    <UnitTest name="UserConstructorTest" storage="e:\ml\demouser\testproject1\bin\debug\testproject1.dll" id="540f0c17-3ca7-83ce-ee69-c545db0ff423">
      <Css projectStructure="" iteration="" />
      <Owners>
        <Owner name="" />
      </Owners>
      <Execution id="e2f6cbf4-461c-4812-950b-ecb693a5ce01" />
      <TestMethod codeBase="E:\ml\DemoUser\TestProject1\bin\Debug\TestProject1.dll" adapterTypeName="Microsoft.VisualStudio.TestTools.TestTypes.Unit.UnitTestAdapter, Microsoft.VisualStudio.QualityTools.Tips.UnitTest.Adapter, Version=9.0.0.0, Culture=neutral, PublicKeyToken=b03f5f7f11d50a3a" className="TestProject1.UserTest, TestProject1" name="UserConstructorTest" />
    </UnitTest>
    <UnitTest name="MainTest" storage="e:\ml\demouser\testproject1\bin\debug\testproject1.dll" id="9a46fa9b-9a2e-3eff-02e4-ce3ff885083d">
      <Css projectStructure="" iteration="" />
      <Owners>
        <Owner name="" />
      </Owners>
      <DeploymentItems>
        <DeploymentItem filename="DemoUser.exe" />
      </DeploymentItems>
      <Execution id="bbfa1add-cfa4-41eb-abbe-fdaf34169dae" />
      <TestMethod codeBase="E:\ml\DemoUser\TestProject1\bin\Debug\TestProject1.dll" adapterTypeName="Microsoft.VisualStudio.TestTools.TestTypes.Unit.UnitTestAdapter, Microsoft.VisualStudio.QualityTools.Tips.UnitTest.Adapter, Version=9.0.0.0, Culture=neutral, PublicKeyToken=b03f5f7f11d50a3a" className="TestProject1.ProgramTest, TestProject1" name="MainTest" />
    </UnitTest>
    <UnitTest name="ProgramConstructorTest" storage="e:\ml\demouser\testproject1\bin\debug\testproject1.dll" id="a3928d71-0d90-b11d-8ba6-9f61b459e3b5">
      <Css projectStructure="" iteration="" />
      <Owners>
        <Owner name="" />
      </Owners>
      <Execution id="256c2553-db7c-41f1-a7bc-cf3b603eb04e" />
      <TestMethod codeBase="E:\ml\DemoUser\TestProject1\bin\Debug\TestProject1.dll" adapterTypeName="Microsoft.VisualStudio.TestTools.TestTypes.Unit.UnitTestAdapter, Microsoft.VisualStudio.QualityTools.Tips.UnitTest.Adapter, Version=9.0.0.0, Culture=neutral, PublicKeyToken=b03f5f7f11d50a3a" className="TestProject1.ProgramTest, TestProject1" name="ProgramConstructorTest" />
    </UnitTest>
  </TestDefinitions>
  <TestLists>
    <TestList name="列表中未列出的结果" id="8c84fa94-04c1-424b-9868-57a2d4851a1d" />
    <TestList name="所有已加载的结果" id="19431567-8539-422a-85d7-44ee4e166bda" />
  </TestLists>
  <TestEntries>
    <TestEntry testId="67a3308f-cd93-4d4d-b8bd-673a84ebca0e" executionId="9d33788e-f55d-4fb0-ac8f-48fcf91a7c73" testListId="8c84fa94-04c1-424b-9868-57a2d4851a1d" />
    <TestEntry testId="9a46fa9b-9a2e-3eff-02e4-ce3ff885083d" executionId="bbfa1add-cfa4-41eb-abbe-fdaf34169dae" testListId="8c84fa94-04c1-424b-9868-57a2d4851a1d" />
    <TestEntry testId="a3928d71-0d90-b11d-8ba6-9f61b459e3b5" executionId="256c2553-db7c-41f1-a7bc-cf3b603eb04e" testListId="8c84fa94-04c1-424b-9868-57a2d4851a1d" />
    <TestEntry testId="540f0c17-3ca7-83ce-ee69-c545db0ff423" executionId="e2f6cbf4-461c-4812-950b-ecb693a5ce01" testListId="8c84fa94-04c1-424b-9868-57a2d4851a1d" />
  </TestEntries>
  <Results>
    <ManualTestResult executionId="9d33788e-f55d-4fb0-ac8f-48fcf91a7c73" testId="67a3308f-cd93-4d4d-b8bd-673a84ebca0e" testName="ManualTest1" computerName="L210_7" duration="00:00:15.6983342" startTime="2015-10-21T11:26:18.9375000+08:00" endTime="2015-10-21T11:26:34.6250000+08:00" testType="7a24f8ff-85da-d664-ef44-83ff4743dae6" outcome="Passed" testListId="8c84fa94-04c1-424b-9868-57a2d4851a1d" testFile="E:\ml\DemoUser\TestResults\STUDENT_L210_7 2015-10-21 11_26_11\Out\manualtest1.mht">
    </ManualTestResult>
    <UnitTestResult executionId="bbfa1add-cfa4-41eb-abbe-fdaf34169dae" testId="9a46fa9b-9a2e-3eff-02e4-ce3ff885083d" testName="MainTest" computerName="L210_7" duration="00:00:00.2736691" startTime="2015-10-21T11:26:34.6718750+08:00" endTime="2015-10-21T11:26:35.1718750+08:00" testType="13cdc9d9-ddb5-4fa4-a97d-d965ccfc6d4b" outcome="Inconclusive" testListId="8c84fa94-04c1-424b-9868-57a2d4851a1d">
      <Output>
        <ErrorInfo>
          <Message>Assert.Inconclusive 失败。无法验证不返回值的方法。</Message>
          <StackTrace>   在 TestProject1.ProgramTest.MainTest() 位置 E:\ml\DemoUser\TestProject1\ProgramTest.cs:行号 75
</StackTrace>
        </ErrorInfo>
      </Output>
    </UnitTestResult>
    <UnitTestResult executionId="256c2553-db7c-41f1-a7bc-cf3b603eb04e" testId="a3928d71-0d90-b11d-8ba6-9f61b459e3b5" testName="ProgramConstructorTest" computerName="L210_7" duration="00:00:00.0009592" startTime="2015-10-21T11:26:35.1718750+08:00" endTime="2015-10-21T11:26:35.1718750+08:00" testType="13cdc9d9-ddb5-4fa4-a97d-d965ccfc6d4b" outcome="Inconclusive" testListId="8c84fa94-04c1-424b-9868-57a2d4851a1d">
      <Output>
        <ErrorInfo>
          <Message>Assert.Inconclusive 失败。TODO: 实现用来验证目标的代码</Message>
          <StackTrace>   在 TestProject1.ProgramTest.ProgramConstructorTest() 位置 E:\ml\DemoUser\TestProject1\ProgramTest.cs:行号 85
</StackTrace>
        </ErrorInfo>
      </Output>
    </UnitTestResult>
    <UnitTestResult executionId="e2f6cbf4-461c-4812-950b-ecb693a5ce01" testId="540f0c17-3ca7-83ce-ee69-c545db0ff423" testName="UserConstructorTest" computerName="L210_7" duration="00:00:00.0005963" startTime="2015-10-21T11:26:35.1718750+08:00" endTime="2015-10-21T11:26:35.1718750+08:00" testType="13cdc9d9-ddb5-4fa4-a97d-d965ccfc6d4b" outcome="Passed" testListId="8c84fa94-04c1-424b-9868-57a2d4851a1d">
      <Output>
      </Output>
    </UnitTestResult>
  </Results>
</TestRun>