<?xml version="1.0" encoding="UTF-8"?>
<TestRun id="f1e21b9b-3cfe-44e0-8536-6139f816dda8" name="STUDENT@L210_7 2015-10-21 11:38:57" runUser="L210_7\STUDENT" xmlns="http://microsoft.com/schemas/VisualStudio/TeamTest/2006">
  <TestRunConfiguration name="本地测试运行" id="4076fb99-a92d-4432-9d96-4d02bf257bdd">
    <Description>这是本地测试运行的默认测试运行配置。</Description>
    <Deployment runDeploymentRoot="E:\ml\DemoUser\TestResults\STUDENT_L210_7 2015-10-21 11_38_57">
      <DeploymentItem filename="E:\ml\DemoUser\DemoUser\bin\Debug\DemoUser.exe" />
    </Deployment>
    <CodeCoverage>
      <Regular>
        <CodeCoverageItem binaryFile="DemoUser\bin\Debug\DemoUser.exe" pdbFile="DemoUser\bin\Debug\DemoUser.pdb" instrumentInPlace="true" />
        <CodeCoverageItem binaryFile="TestProject1\bin\Debug\TestProject1.dll" pdbFile="TestProject1\bin\Debug\TestProject1.pdb" instrumentInPlace="true" />
      </Regular>
    </CodeCoverage>
    <TestTypeSpecific>
      <WebTestRunConfiguration testTypeId="4e7599fa-5ecb-43e9-a887-cd63cf72d207">
        <Browser name="Internet Explorer 7.0">
          <Headers>
            <Header name="User-Agent" value="Mozilla/4.0 (compatible; MSIE 7.0; Windows NT 5.1)" />
            <Header name="Accept" value="*/*" />
            <Header name="Accept-Language" value="{{$IEAcceptLanguage}}" />
            <Header name="Accept-Encoding" value="GZIP" />
          </Headers>
        </Browser>
        <Network Name="LAN" BandwidthInKbps="0" />
      </WebTestRunConfiguration>
    </TestTypeSpecific>
  </TestRunConfiguration>
  <ResultSummary outcome="Inconclusive">
    <Counters total="5" executed="5" passed="3" error="0" failed="0" timeout="0" aborted="0" inconclusive="2" passedButRunAborted="0" notRunnable="0" notExecuted="0" disconnected="0" warning="0" completed="0" inProgress="0" pending="0" />
  </ResultSummary>
  <Times creation="2015-10-21T11:38:57.7968750+08:00" queuing="2015-10-21T11:39:00.4687500+08:00" start="2015-10-21T11:39:00.7968750+08:00" finish="2015-10-21T11:39:17.9218750+08:00" />
  <TestDefinitions>
    <ManualTest name="ManualTest1" storage="e:\ml\demouser\testproject1\manualtest1.mht" id="67a3308f-cd93-4d4d-b8bd-673a84ebca0e">
      <Css projectStructure="" iteration="" />
      <Description>待办任务：设置说明</Description>
      <Owners>
        <Owner name="" />
      </Owners>
      <Execution id="53abd390-ed87-4ee7-8f0a-381b81481f95" />
    </ManualTest>
    <UnitTest name="UserConstructorEmptyTest" storage="e:\ml\demouser\testproject1\bin\debug\testproject1.dll" id="3393840d-e9a6-a6a7-c521-cccd30a65ca7">
      <Css projectStructure="" iteration="" />
      <Owners>
        <Owner name="" />
      </Owners>
      <Execution id="754dd103-67d7-4db6-81fd-fe2d2273dff7" />
      <TestMethod codeBase="E:\ml\DemoUser\TestProject1\bin\Debug\TestProject1.dll" adapterTypeName="Microsoft.VisualStudio.TestTools.TestTypes.Unit.UnitTestAdapter, Microsoft.VisualStudio.QualityTools.Tips.UnitTest.Adapter, Version=9.0.0.0, Culture=neutral, PublicKeyToken=b03f5f7f11d50a3a" className="TestProject1.UserTest, TestProject1" name="UserConstructorEmptyTest" />
    </UnitTest>
    <UnitTest name="UserConstructorTest" storage="e:\ml\demouser\testproject1\bin\debug\testproject1.dll" id="540f0c17-3ca7-83ce-ee69-c545db0ff423">
      <Css projectStructure="" iteration="" />
      <Owners>
        <Owner name="" />
      </Owners>
      <Execution id="bb9f8e62-47c7-4eda-8ae9-5bcc0fcf975f" />
      <TestMethod codeBase="E:\ml\DemoUser\TestProject1\bin\Debug\TestProject1.dll" adapterTypeName="Microsoft.VisualStudio.TestTools.TestTypes.Unit.UnitTestAdapter, Microsoft.VisualStudio.QualityTools.Tips.UnitTest.Adapter, Version=9.0.0.0, Culture=neutral, PublicKeyToken=b03f5f7f11d50a3a" className="TestProject1.UserTest, TestProject1" name="UserConstructorTest" />
    </UnitTest>
    <UnitTest name="MainTest" storage="e:\ml\demouser\testproject1\bin\debug\testproject1.dll" id="9a46fa9b-9a2e-3eff-02e4-ce3ff885083d">
      <Css projectStructure="" iteration="" />
      <Owners>
        <Owner name="" />
      </Owners>
      <DeploymentItems>
        <DeploymentItem filename="DemoUser.exe" />
      </DeploymentItems>
      <Execution id="3efbe098-cbcc-4bc0-b742-fdf28e1b8539" />
      <TestMethod codeBase="E:\ml\DemoUser\TestProject1\bin\Debug\TestProject1.dll" adapterTypeName="Microsoft.VisualStudio.TestTools.TestTypes.Unit.UnitTestAdapter, Microsoft.VisualStudio.QualityTools.Tips.UnitTest.Adapter, Version=9.0.0.0, Culture=neutral, PublicKeyToken=b03f5f7f11d50a3a" className="TestProject1.ProgramTest, TestProject1" name="MainTest" />
    </UnitTest>
    <UnitTest name="ProgramConstructorTest" storage="e:\ml\demouser\testproject1\bin\debug\testproject1.dll" id="a3928d71-0d90-b11d-8ba6-9f61b459e3b5">
      <Css projectStructure="" iteration="" />
      <Owners>
        <Owner name="" />
      </Owners>
      <Execution id="582c7883-bb4f-46f6-a67f-bf8481454454" />
      <TestMethod codeBase="E:\ml\DemoUser\TestProject1\bin\Debug\TestProject1.dll" adapterTypeName="Microsoft.VisualStudio.TestTools.TestTypes.Unit.UnitTestAdapter, Microsoft.VisualStudio.QualityTools.Tips.UnitTest.Adapter, Version=9.0.0.0, Culture=neutral, PublicKeyToken=b03f5f7f11d50a3a" className="TestProject1.ProgramTest, TestProject1" name="ProgramConstructorTest" />
    </UnitTest>
  </TestDefinitions>
  <TestLists>
    <TestList name="列表中未列出的结果" id="8c84fa94-04c1-424b-9868-57a2d4851a1d" />
    <TestList name="所有已加载的结果" id="19431567-8539-422a-85d7-44ee4e166bda" />
  </TestLists>
  <TestEntries>
    <TestEntry testId="67a3308f-cd93-4d4d-b8bd-673a84ebca0e" executionId="53abd390-ed87-4ee7-8f0a-381b81481f95" testListId="8c84fa94-04c1-424b-9868-57a2d4851a1d" />
    <TestEntry testId="9a46fa9b-9a2e-3eff-02e4-ce3ff885083d" executionId="3efbe098-cbcc-4bc0-b742-fdf28e1b8539" testListId="8c84fa94-04c1-424b-9868-57a2d4851a1d" />
    <TestEntry testId="a3928d71-0d90-b11d-8ba6-9f61b459e3b5" executionId="582c7883-bb4f-46f6-a67f-bf8481454454" testListId="8c84fa94-04c1-424b-9868-57a2d4851a1d" />
    <TestEntry testId="540f0c17-3ca7-83ce-ee69-c545db0ff423" executionId="bb9f8e62-47c7-4eda-8ae9-5bcc0fcf975f" testListId="8c84fa94-04c1-424b-9868-57a2d4851a1d" />
    <TestEntry testId="3393840d-e9a6-a6a7-c521-cccd30a65ca7" executionId="754dd103-67d7-4db6-81fd-fe2d2273dff7" testListId="8c84fa94-04c1-424b-9868-57a2d4851a1d" />
  </TestEntries>
  <Results>
    <ManualTestResult executionId="53abd390-ed87-4ee7-8f0a-381b81481f95" testId="67a3308f-cd93-4d4d-b8bd-673a84ebca0e" testName="ManualTest1" computerName="L210_7" duration="00:00:16.2735215" startTime="2015-10-21T11:39:00.8593750+08:00" endTime="2015-10-21T11:39:17.1250000+08:00" testType="7a24f8ff-85da-d664-ef44-83ff4743dae6" outcome="Passed" testListId="8c84fa94-04c1-424b-9868-57a2d4851a1d" testFile="E:\ml\DemoUser\TestResults\STUDENT_L210_7 2015-10-21 11_38_57\Out\manualtest1.mht">
    </ManualTestResult>
    <UnitTestResult executionId="3efbe098-cbcc-4bc0-b742-fdf28e1b8539" testId="9a46fa9b-9a2e-3eff-02e4-ce3ff885083d" testName="MainTest" computerName="L210_7" duration="00:00:00.2069333" startTime="2015-10-21T11:39:17.1718750+08:00" endTime="2015-10-21T11:39:17.7343750+08:00" testType="13cdc9d9-ddb5-4fa4-a97d-d965ccfc6d4b" outcome="Inconclusive" testListId="8c84fa94-04c1-424b-9868-57a2d4851a1d">
      <Output>
        <ErrorInfo>
          <Message>Assert.Inconclusive 失败。无法验证不返回值的方法。</Message>
          <StackTrace>   在 TestProject1.ProgramTest.MainTest() 位置 E:\ml\DemoUser\TestProject1\ProgramTest.cs:行号 74
</StackTrace>
        </ErrorInfo>
      </Output>
    </UnitTestResult>
    <UnitTestResult executionId="582c7883-bb4f-46f6-a67f-bf8481454454" testId="a3928d71-0d90-b11d-8ba6-9f61b459e3b5" testName="ProgramConstructorTest" computerName="L210_7" duration="00:00:00.0076166" startTime="2015-10-21T11:39:17.7343750+08:00" endTime="2015-10-21T11:39:17.7500000+08:00" testType="13cdc9d9-ddb5-4fa4-a97d-d965ccfc6d4b" outcome="Inconclusive" testListId="8c84fa94-04c1-424b-9868-57a2d4851a1d">
      <Output>
        <ErrorInfo>
          <Message>Assert.Inconclusive 失败。TODO: 实现用来验证目标的代码</Message>
          <StackTrace>   在 TestProject1.ProgramTest.ProgramConstructorTest() 位置 E:\ml\DemoUser\TestProject1\ProgramTest.cs:行号 84
</StackTrace>
        </ErrorInfo>
      </Output>
    </UnitTestResult>
    <UnitTestResult executionId="bb9f8e62-47c7-4eda-8ae9-5bcc0fcf975f" testId="540f0c17-3ca7-83ce-ee69-c545db0ff423" testName="UserConstructorTest" computerName="L210_7" duration="00:00:00.0007134" startTime="2015-10-21T11:39:17.7500000+08:00" endTime="2015-10-21T11:39:17.7656250+08:00" testType="13cdc9d9-ddb5-4fa4-a97d-d965ccfc6d4b" outcome="Passed" testListId="8c84fa94-04c1-424b-9868-57a2d4851a1d">
      <Output>
      </Output>
    </UnitTestResult>
    <UnitTestResult executionId="754dd103-67d7-4db6-81fd-fe2d2273dff7" testId="3393840d-e9a6-a6a7-c521-cccd30a65ca7" testName="UserConstructorEmptyTest" computerName="L210_7" duration="00:00:00.0001686" startTime="2015-10-21T11:39:17.7656250+08:00" endTime="2015-10-21T11:39:17.7656250+08:00" testType="13cdc9d9-ddb5-4fa4-a97d-d965ccfc6d4b" outcome="Passed" testListId="8c84fa94-04c1-424b-9868-57a2d4851a1d">
      <Output>
      </Output>
    </UnitTestResult>
  </Results>
</TestRun>